<?xml version="1.0" encoding="UTF-8"?>
<!-- Generated by org.testng.reporters.JUnitReportReporter -->
<testsuite skipped="0" hostname="Ashitha" name="package2.sample1" tests="1" failures="0" timestamp="26 Apr 2019 05:41:21 GMT" time="10.336" errors="0">
  <testcase name="run" time="10.336" classname="package2.sample1"/>
</testsuite> <!-- package2.sample1 -->
