<?xml version="1.0" encoding="UTF-8"?>
<!-- Generated by org.testng.reporters.JUnitReportReporter -->
<testsuite skipped="0" hostname="Ashitha" name="package2.sample2" tests="1" failures="0" timestamp="26 Apr 2019 01:23:39 GMT" time="12.980" errors="0">
  <testcase name="run2" time="12.980" classname="package2.sample2"/>
</testsuite> <!-- package2.sample2 -->
