<?xml version="1.0" encoding="UTF-8"?>
<!-- Generated by org.testng.reporters.JUnitReportReporter -->
<testsuite skipped="0" hostname="Ashitha" name="package2.sample3" tests="1" failures="0" timestamp="26 Apr 2019 01:15:25 GMT" time="0.008" errors="0">
  <testcase name="demo" time="0.008" classname="package2.sample3"/>
</testsuite> <!-- package2.sample3 -->
